<?xml version="1.0" encoding="UTF-8"?>
<testsuite xmlns:xsi="http://www.w3.org/2001/XMLSchema-instance" xsi:noNamespaceSchemaLocation="https://maven.apache.org/surefire/maven-surefire-plugin/xsd/surefire-test-report.xsd" name="com.yyandywt99.fakeapitool.FakeApiToolApplicationTests" time="4.288" tests="1" errors="0" skipped="0" failures="0">
  <properties>
    <property name="sun.desktop" value="windows"/>
    <property name="awt.toolkit" value="sun.awt.windows.WToolkit"/>
    <property name="java.specification.version" value="11"/>
    <property name="sun.cpu.isalist" value="amd64"/>
    <property name="sun.jnu.encoding" value="GBK"/>
    <property name="java.class.path" value="F:\vue\fakeApiTool\fakeApiTool-One-API\rearServer\target\test-classes;F:\vue\fakeApiTool\fakeApiTool-One-API\rearServer\target\classes;F:\apache-maven-3.6.1\bin\org\springframework\boot\spring-boot-starter-web\2.7.15\spring-boot-starter-web-2.7.15.jar;F:\apache-maven-3.6.1\bin\org\springframework\boot\spring-boot-starter\2.7.15\spring-boot-starter-2.7.15.jar;F:\apache-maven-3.6.1\bin\org\springframework\boot\spring-boot-starter-logging\2.7.15\spring-boot-starter-logging-2.7.15.jar;F:\apache-maven-3.6.1\bin\ch\qos\logback\logback-classic\1.2.12\logback-classic-1.2.12.jar;F:\apache-maven-3.6.1\bin\ch\qos\logback\logback-core\1.2.12\logback-core-1.2.12.jar;F:\apache-maven-3.6.1\bin\org\apache\logging\log4j\log4j-to-slf4j\2.17.2\log4j-to-slf4j-2.17.2.jar;F:\apache-maven-3.6.1\bin\org\apache\logging\log4j\log4j-api\2.17.2\log4j-api-2.17.2.jar;F:\apache-maven-3.6.1\bin\org\slf4j\jul-to-slf4j\1.7.36\jul-to-slf4j-1.7.36.jar;F:\apache-maven-3.6.1\bin\jakarta\annotation\jakarta.annotation-api\1.3.5\jakarta.annotation-api-1.3.5.jar;F:\apache-maven-3.6.1\bin\org\yaml\snakeyaml\1.30\snakeyaml-1.30.jar;F:\apache-maven-3.6.1\bin\org\springframework\boot\spring-boot-starter-json\2.7.15\spring-boot-starter-json-2.7.15.jar;F:\apache-maven-3.6.1\bin\com\fasterxml\jackson\datatype\jackson-datatype-jdk8\2.13.5\jackson-datatype-jdk8-2.13.5.jar;F:\apache-maven-3.6.1\bin\com\fasterxml\jackson\datatype\jackson-datatype-jsr310\2.13.5\jackson-datatype-jsr310-2.13.5.jar;F:\apache-maven-3.6.1\bin\com\fasterxml\jackson\module\jackson-module-parameter-names\2.13.5\jackson-module-parameter-names-2.13.5.jar;F:\apache-maven-3.6.1\bin\org\springframework\boot\spring-boot-starter-tomcat\2.7.15\spring-boot-starter-tomcat-2.7.15.jar;F:\apache-maven-3.6.1\bin\org\apache\tomcat\embed\tomcat-embed-core\9.0.79\tomcat-embed-core-9.0.79.jar;F:\apache-maven-3.6.1\bin\org\apache\tomcat\embed\tomcat-embed-el\9.0.79\tomcat-embed-el-9.0.79.jar;F:\apache-maven-3.6.1\bin\org\apache\tomcat\embed\tomcat-embed-websocket\9.0.79\tomcat-embed-websocket-9.0.79.jar;F:\apache-maven-3.6.1\bin\org\springframework\spring-web\5.3.29\spring-web-5.3.29.jar;F:\apache-maven-3.6.1\bin\org\springframework\spring-webmvc\5.3.29\spring-webmvc-5.3.29.jar;F:\apache-maven-3.6.1\bin\org\mybatis\spring\boot\mybatis-spring-boot-starter\2.3.1\mybatis-spring-boot-starter-2.3.1.jar;F:\apache-maven-3.6.1\bin\org\springframework\boot\spring-boot-starter-jdbc\2.7.15\spring-boot-starter-jdbc-2.7.15.jar;F:\apache-maven-3.6.1\bin\com\zaxxer\HikariCP\4.0.3\HikariCP-4.0.3.jar;F:\apache-maven-3.6.1\bin\org\springframework\spring-jdbc\5.3.29\spring-jdbc-5.3.29.jar;F:\apache-maven-3.6.1\bin\org\mybatis\spring\boot\mybatis-spring-boot-autoconfigure\2.3.1\mybatis-spring-boot-autoconfigure-2.3.1.jar;F:\apache-maven-3.6.1\bin\org\mybatis\mybatis\3.5.13\mybatis-3.5.13.jar;F:\apache-maven-3.6.1\bin\org\mybatis\mybatis-spring\2.1.1\mybatis-spring-2.1.1.jar;F:\apache-maven-3.6.1\bin\org\springframework\boot\spring-boot-devtools\2.7.15\spring-boot-devtools-2.7.15.jar;F:\apache-maven-3.6.1\bin\org\springframework\boot\spring-boot\2.7.15\spring-boot-2.7.15.jar;F:\apache-maven-3.6.1\bin\org\springframework\boot\spring-boot-autoconfigure\2.7.15\spring-boot-autoconfigure-2.7.15.jar;F:\apache-maven-3.6.1\bin\com\mysql\mysql-connector-j\8.0.33\mysql-connector-j-8.0.33.jar;F:\apache-maven-3.6.1\bin\org\projectlombok\lombok\1.18.28\lombok-1.18.28.jar;F:\apache-maven-3.6.1\bin\org\springframework\boot\spring-boot-starter-test\2.7.15\spring-boot-starter-test-2.7.15.jar;F:\apache-maven-3.6.1\bin\org\springframework\boot\spring-boot-test\2.7.15\spring-boot-test-2.7.15.jar;F:\apache-maven-3.6.1\bin\org\springframework\boot\spring-boot-test-autoconfigure\2.7.15\spring-boot-test-autoconfigure-2.7.15.jar;F:\apache-maven-3.6.1\bin\com\jayway\jsonpath\json-path\2.7.0\json-path-2.7.0.jar;F:\apache-maven-3.6.1\bin\org\slf4j\slf4j-api\1.7.36\slf4j-api-1.7.36.jar;F:\apache-maven-3.6.1\bin\jakarta\xml\bind\jakarta.xml.bind-api\2.3.3\jakarta.xml.bind-api-2.3.3.jar;F:\apache-maven-3.6.1\bin\jakarta\activation\jakarta.activation-api\1.2.2\jakarta.activation-api-1.2.2.jar;F:\apache-maven-3.6.1\bin\org\assertj\assertj-core\3.22.0\assertj-core-3.22.0.jar;F:\apache-maven-3.6.1\bin\org\hamcrest\hamcrest\2.2\hamcrest-2.2.jar;F:\apache-maven-3.6.1\bin\org\junit\jupiter\junit-jupiter\5.8.2\junit-jupiter-5.8.2.jar;F:\apache-maven-3.6.1\bin\org\junit\jupiter\junit-jupiter-api\5.8.2\junit-jupiter-api-5.8.2.jar;F:\apache-maven-3.6.1\bin\org\opentest4j\opentest4j\1.2.0\opentest4j-1.2.0.jar;F:\apache-maven-3.6.1\bin\org\junit\platform\junit-platform-commons\1.8.2\junit-platform-commons-1.8.2.jar;F:\apache-maven-3.6.1\bin\org\apiguardian\apiguardian-api\1.1.2\apiguardian-api-1.1.2.jar;F:\apache-maven-3.6.1\bin\org\junit\jupiter\junit-jupiter-params\5.8.2\junit-jupiter-params-5.8.2.jar;F:\apache-maven-3.6.1\bin\org\junit\jupiter\junit-jupiter-engine\5.8.2\junit-jupiter-engine-5.8.2.jar;F:\apache-maven-3.6.1\bin\org\junit\platform\junit-platform-engine\1.8.2\junit-platform-engine-1.8.2.jar;F:\apache-maven-3.6.1\bin\org\mockito\mockito-core\4.5.1\mockito-core-4.5.1.jar;F:\apache-maven-3.6.1\bin\net\bytebuddy\byte-buddy\1.12.23\byte-buddy-1.12.23.jar;F:\apache-maven-3.6.1\bin\net\bytebuddy\byte-buddy-agent\1.12.23\byte-buddy-agent-1.12.23.jar;F:\apache-maven-3.6.1\bin\org\objenesis\objenesis\3.2\objenesis-3.2.jar;F:\apache-maven-3.6.1\bin\org\mockito\mockito-junit-jupiter\4.5.1\mockito-junit-jupiter-4.5.1.jar;F:\apache-maven-3.6.1\bin\org\springframework\spring-core\5.3.29\spring-core-5.3.29.jar;F:\apache-maven-3.6.1\bin\org\springframework\spring-jcl\5.3.29\spring-jcl-5.3.29.jar;F:\apache-maven-3.6.1\bin\org\springframework\spring-test\5.3.29\spring-test-5.3.29.jar;F:\apache-maven-3.6.1\bin\org\xmlunit\xmlunit-core\2.9.1\xmlunit-core-2.9.1.jar;F:\apache-maven-3.6.1\bin\org\mybatis\spring\boot\mybatis-spring-boot-starter-test\3.0.2\mybatis-spring-boot-starter-test-3.0.2.jar;F:\apache-maven-3.6.1\bin\org\mybatis\spring\boot\mybatis-spring-boot-test-autoconfigure\3.0.2\mybatis-spring-boot-test-autoconfigure-3.0.2.jar;F:\apache-maven-3.6.1\bin\org\springframework\spring-tx\5.3.29\spring-tx-5.3.29.jar;F:\apache-maven-3.6.1\bin\com\vaadin\external\google\android-json\0.0.20131108.vaadin1\android-json-0.0.20131108.vaadin1.jar;F:\apache-maven-3.6.1\bin\net\minidev\json-smart\2.4.11\json-smart-2.4.11.jar;F:\apache-maven-3.6.1\bin\net\minidev\accessors-smart\2.4.11\accessors-smart-2.4.11.jar;F:\apache-maven-3.6.1\bin\org\ow2\asm\asm\9.3\asm-9.3.jar;F:\apache-maven-3.6.1\bin\org\skyscreamer\jsonassert\1.5.1\jsonassert-1.5.1.jar;F:\apache-maven-3.6.1\bin\io\jsonwebtoken\jjwt\0.9.1\jjwt-0.9.1.jar;F:\apache-maven-3.6.1\bin\com\fasterxml\jackson\core\jackson-databind\2.13.5\jackson-databind-2.13.5.jar;F:\apache-maven-3.6.1\bin\com\fasterxml\jackson\core\jackson-annotations\2.13.5\jackson-annotations-2.13.5.jar;F:\apache-maven-3.6.1\bin\com\fasterxml\jackson\core\jackson-core\2.13.5\jackson-core-2.13.5.jar;F:\apache-maven-3.6.1\bin\com\alibaba\fastjson\2.0.32\fastjson-2.0.32.jar;F:\apache-maven-3.6.1\bin\com\alibaba\fastjson2\fastjson2-extension\2.0.32\fastjson2-extension-2.0.32.jar;F:\apache-maven-3.6.1\bin\com\alibaba\fastjson2\fastjson2\2.0.32\fastjson2-2.0.32.jar;F:\apache-maven-3.6.1\bin\org\springframework\boot\spring-boot-starter-aop\2.7.15\spring-boot-starter-aop-2.7.15.jar;F:\apache-maven-3.6.1\bin\org\springframework\spring-aop\5.3.29\spring-aop-5.3.29.jar;F:\apache-maven-3.6.1\bin\org\aspectj\aspectjweaver\1.9.7\aspectjweaver-1.9.7.jar;F:\apache-maven-3.6.1\bin\com\dtflys\forest\forest-spring-boot-starter\1.5.14\forest-spring-boot-starter-1.5.14.jar;F:\apache-maven-3.6.1\bin\com\dtflys\forest\forest-core\1.5.14\forest-core-1.5.14.jar;F:\apache-maven-3.6.1\bin\com\googlecode\juniversalchardet\juniversalchardet\1.0.3\juniversalchardet-1.0.3.jar;F:\apache-maven-3.6.1\bin\org\apache\httpcomponents\httpclient-cache\4.5.14\httpclient-cache-4.5.14.jar;F:\apache-maven-3.6.1\bin\org\apache\httpcomponents\httpmime\4.5.14\httpmime-4.5.14.jar;F:\apache-maven-3.6.1\bin\com\squareup\okhttp3\okhttp\4.9.3\okhttp-4.9.3.jar;F:\apache-maven-3.6.1\bin\com\squareup\okio\okio\2.8.0\okio-2.8.0.jar;F:\apache-maven-3.6.1\bin\org\jetbrains\kotlin\kotlin-stdlib-common\1.6.21\kotlin-stdlib-common-1.6.21.jar;F:\apache-maven-3.6.1\bin\org\jetbrains\kotlin\kotlin-stdlib\1.6.21\kotlin-stdlib-1.6.21.jar;F:\apache-maven-3.6.1\bin\org\jetbrains\annotations\13.0\annotations-13.0.jar;F:\apache-maven-3.6.1\bin\com\google\code\findbugs\jsr305\3.0.1\jsr305-3.0.1.jar;F:\apache-maven-3.6.1\bin\commons-io\commons-io\2.7\commons-io-2.7.jar;F:\apache-maven-3.6.1\bin\commons-logging\commons-logging\1.2\commons-logging-1.2.jar;F:\apache-maven-3.6.1\bin\com\dtflys\forest\forest-spring\1.5.14\forest-spring-1.5.14.jar;F:\apache-maven-3.6.1\bin\org\springframework\boot\spring-boot-configuration-processor\2.7.15\spring-boot-configuration-processor-2.7.15.jar;F:\apache-maven-3.6.1\bin\com\google\protobuf\protobuf-java\3.14.0\protobuf-java-3.14.0.jar;F:\apache-maven-3.6.1\bin\org\springframework\spring-context\5.3.29\spring-context-5.3.29.jar;F:\apache-maven-3.6.1\bin\org\springframework\spring-beans\5.3.29\spring-beans-5.3.29.jar;F:\apache-maven-3.6.1\bin\org\springframework\spring-expression\5.3.29\spring-expression-5.3.29.jar;F:\apache-maven-3.6.1\bin\org\springframework\spring-context-support\5.3.29\spring-context-support-5.3.29.jar;F:\apache-maven-3.6.1\bin\com\google\zxing\javase\3.5.1\javase-3.5.1.jar;F:\apache-maven-3.6.1\bin\com\google\zxing\core\3.5.1\core-3.5.1.jar;F:\apache-maven-3.6.1\bin\com\beust\jcommander\1.82\jcommander-1.82.jar;F:\apache-maven-3.6.1\bin\com\github\jai-imageio\jai-imageio-core\1.4.0\jai-imageio-core-1.4.0.jar;F:\apache-maven-3.6.1\bin\javax\xml\bind\jaxb-api\2.3.1\jaxb-api-2.3.1.jar;F:\apache-maven-3.6.1\bin\javax\activation\javax.activation-api\1.2.0\javax.activation-api-1.2.0.jar;F:\apache-maven-3.6.1\bin\org\apache\httpcomponents\httpclient\4.5.14\httpclient-4.5.14.jar;F:\apache-maven-3.6.1\bin\org\apache\httpcomponents\httpcore\4.4.16\httpcore-4.4.16.jar;F:\apache-maven-3.6.1\bin\commons-codec\commons-codec\1.15\commons-codec-1.15.jar;"/>
    <property name="java.vm.vendor" value="Amazon.com Inc."/>
    <property name="sun.arch.data.model" value="64"/>
    <property name="user.variant" value=""/>
    <property name="java.vendor.url" value="https://aws.amazon.com/corretto/"/>
    <property name="user.timezone" value="Asia/Shanghai"/>
    <property name="java.vm.specification.version" value="11"/>
    <property name="os.name" value="Windows 10"/>
    <property name="sun.java.launcher" value="SUN_STANDARD"/>
    <property name="user.country" value="CN"/>
    <property name="sun.boot.library.path" value="C:\Users\36087\.jdks\corretto-11.0.21\bin"/>
    <property name="sun.java.command" value="C:\Users\36087\AppData\Local\Temp\surefire18237651715635186494\surefirebooter5606123616021616799.jar C:\Users\36087\AppData\Local\Temp\surefire18237651715635186494 2023-11-13T21-14-03_945-jvmRun1 surefire2786368648578801416tmp surefire_06593992906450551094tmp"/>
    <property name="jdk.debug" value="release"/>
    <property name="surefire.test.class.path" value="F:\vue\fakeApiTool\fakeApiTool-One-API\rearServer\target\test-classes;F:\vue\fakeApiTool\fakeApiTool-One-API\rearServer\target\classes;F:\apache-maven-3.6.1\bin\org\springframework\boot\spring-boot-starter-web\2.7.15\spring-boot-starter-web-2.7.15.jar;F:\apache-maven-3.6.1\bin\org\springframework\boot\spring-boot-starter\2.7.15\spring-boot-starter-2.7.15.jar;F:\apache-maven-3.6.1\bin\org\springframework\boot\spring-boot-starter-logging\2.7.15\spring-boot-starter-logging-2.7.15.jar;F:\apache-maven-3.6.1\bin\ch\qos\logback\logback-classic\1.2.12\logback-classic-1.2.12.jar;F:\apache-maven-3.6.1\bin\ch\qos\logback\logback-core\1.2.12\logback-core-1.2.12.jar;F:\apache-maven-3.6.1\bin\org\apache\logging\log4j\log4j-to-slf4j\2.17.2\log4j-to-slf4j-2.17.2.jar;F:\apache-maven-3.6.1\bin\org\apache\logging\log4j\log4j-api\2.17.2\log4j-api-2.17.2.jar;F:\apache-maven-3.6.1\bin\org\slf4j\jul-to-slf4j\1.7.36\jul-to-slf4j-1.7.36.jar;F:\apache-maven-3.6.1\bin\jakarta\annotation\jakarta.annotation-api\1.3.5\jakarta.annotation-api-1.3.5.jar;F:\apache-maven-3.6.1\bin\org\yaml\snakeyaml\1.30\snakeyaml-1.30.jar;F:\apache-maven-3.6.1\bin\org\springframework\boot\spring-boot-starter-json\2.7.15\spring-boot-starter-json-2.7.15.jar;F:\apache-maven-3.6.1\bin\com\fasterxml\jackson\datatype\jackson-datatype-jdk8\2.13.5\jackson-datatype-jdk8-2.13.5.jar;F:\apache-maven-3.6.1\bin\com\fasterxml\jackson\datatype\jackson-datatype-jsr310\2.13.5\jackson-datatype-jsr310-2.13.5.jar;F:\apache-maven-3.6.1\bin\com\fasterxml\jackson\module\jackson-module-parameter-names\2.13.5\jackson-module-parameter-names-2.13.5.jar;F:\apache-maven-3.6.1\bin\org\springframework\boot\spring-boot-starter-tomcat\2.7.15\spring-boot-starter-tomcat-2.7.15.jar;F:\apache-maven-3.6.1\bin\org\apache\tomcat\embed\tomcat-embed-core\9.0.79\tomcat-embed-core-9.0.79.jar;F:\apache-maven-3.6.1\bin\org\apache\tomcat\embed\tomcat-embed-el\9.0.79\tomcat-embed-el-9.0.79.jar;F:\apache-maven-3.6.1\bin\org\apache\tomcat\embed\tomcat-embed-websocket\9.0.79\tomcat-embed-websocket-9.0.79.jar;F:\apache-maven-3.6.1\bin\org\springframework\spring-web\5.3.29\spring-web-5.3.29.jar;F:\apache-maven-3.6.1\bin\org\springframework\spring-webmvc\5.3.29\spring-webmvc-5.3.29.jar;F:\apache-maven-3.6.1\bin\org\mybatis\spring\boot\mybatis-spring-boot-starter\2.3.1\mybatis-spring-boot-starter-2.3.1.jar;F:\apache-maven-3.6.1\bin\org\springframework\boot\spring-boot-starter-jdbc\2.7.15\spring-boot-starter-jdbc-2.7.15.jar;F:\apache-maven-3.6.1\bin\com\zaxxer\HikariCP\4.0.3\HikariCP-4.0.3.jar;F:\apache-maven-3.6.1\bin\org\springframework\spring-jdbc\5.3.29\spring-jdbc-5.3.29.jar;F:\apache-maven-3.6.1\bin\org\mybatis\spring\boot\mybatis-spring-boot-autoconfigure\2.3.1\mybatis-spring-boot-autoconfigure-2.3.1.jar;F:\apache-maven-3.6.1\bin\org\mybatis\mybatis\3.5.13\mybatis-3.5.13.jar;F:\apache-maven-3.6.1\bin\org\mybatis\mybatis-spring\2.1.1\mybatis-spring-2.1.1.jar;F:\apache-maven-3.6.1\bin\org\springframework\boot\spring-boot-devtools\2.7.15\spring-boot-devtools-2.7.15.jar;F:\apache-maven-3.6.1\bin\org\springframework\boot\spring-boot\2.7.15\spring-boot-2.7.15.jar;F:\apache-maven-3.6.1\bin\org\springframework\boot\spring-boot-autoconfigure\2.7.15\spring-boot-autoconfigure-2.7.15.jar;F:\apache-maven-3.6.1\bin\com\mysql\mysql-connector-j\8.0.33\mysql-connector-j-8.0.33.jar;F:\apache-maven-3.6.1\bin\org\projectlombok\lombok\1.18.28\lombok-1.18.28.jar;F:\apache-maven-3.6.1\bin\org\springframework\boot\spring-boot-starter-test\2.7.15\spring-boot-starter-test-2.7.15.jar;F:\apache-maven-3.6.1\bin\org\springframework\boot\spring-boot-test\2.7.15\spring-boot-test-2.7.15.jar;F:\apache-maven-3.6.1\bin\org\springframework\boot\spring-boot-test-autoconfigure\2.7.15\spring-boot-test-autoconfigure-2.7.15.jar;F:\apache-maven-3.6.1\bin\com\jayway\jsonpath\json-path\2.7.0\json-path-2.7.0.jar;F:\apache-maven-3.6.1\bin\org\slf4j\slf4j-api\1.7.36\slf4j-api-1.7.36.jar;F:\apache-maven-3.6.1\bin\jakarta\xml\bind\jakarta.xml.bind-api\2.3.3\jakarta.xml.bind-api-2.3.3.jar;F:\apache-maven-3.6.1\bin\jakarta\activation\jakarta.activation-api\1.2.2\jakarta.activation-api-1.2.2.jar;F:\apache-maven-3.6.1\bin\org\assertj\assertj-core\3.22.0\assertj-core-3.22.0.jar;F:\apache-maven-3.6.1\bin\org\hamcrest\hamcrest\2.2\hamcrest-2.2.jar;F:\apache-maven-3.6.1\bin\org\junit\jupiter\junit-jupiter\5.8.2\junit-jupiter-5.8.2.jar;F:\apache-maven-3.6.1\bin\org\junit\jupiter\junit-jupiter-api\5.8.2\junit-jupiter-api-5.8.2.jar;F:\apache-maven-3.6.1\bin\org\opentest4j\opentest4j\1.2.0\opentest4j-1.2.0.jar;F:\apache-maven-3.6.1\bin\org\junit\platform\junit-platform-commons\1.8.2\junit-platform-commons-1.8.2.jar;F:\apache-maven-3.6.1\bin\org\apiguardian\apiguardian-api\1.1.2\apiguardian-api-1.1.2.jar;F:\apache-maven-3.6.1\bin\org\junit\jupiter\junit-jupiter-params\5.8.2\junit-jupiter-params-5.8.2.jar;F:\apache-maven-3.6.1\bin\org\junit\jupiter\junit-jupiter-engine\5.8.2\junit-jupiter-engine-5.8.2.jar;F:\apache-maven-3.6.1\bin\org\junit\platform\junit-platform-engine\1.8.2\junit-platform-engine-1.8.2.jar;F:\apache-maven-3.6.1\bin\org\mockito\mockito-core\4.5.1\mockito-core-4.5.1.jar;F:\apache-maven-3.6.1\bin\net\bytebuddy\byte-buddy\1.12.23\byte-buddy-1.12.23.jar;F:\apache-maven-3.6.1\bin\net\bytebuddy\byte-buddy-agent\1.12.23\byte-buddy-agent-1.12.23.jar;F:\apache-maven-3.6.1\bin\org\objenesis\objenesis\3.2\objenesis-3.2.jar;F:\apache-maven-3.6.1\bin\org\mockito\mockito-junit-jupiter\4.5.1\mockito-junit-jupiter-4.5.1.jar;F:\apache-maven-3.6.1\bin\org\springframework\spring-core\5.3.29\spring-core-5.3.29.jar;F:\apache-maven-3.6.1\bin\org\springframework\spring-jcl\5.3.29\spring-jcl-5.3.29.jar;F:\apache-maven-3.6.1\bin\org\springframework\spring-test\5.3.29\spring-test-5.3.29.jar;F:\apache-maven-3.6.1\bin\org\xmlunit\xmlunit-core\2.9.1\xmlunit-core-2.9.1.jar;F:\apache-maven-3.6.1\bin\org\mybatis\spring\boot\mybatis-spring-boot-starter-test\3.0.2\mybatis-spring-boot-starter-test-3.0.2.jar;F:\apache-maven-3.6.1\bin\org\mybatis\spring\boot\mybatis-spring-boot-test-autoconfigure\3.0.2\mybatis-spring-boot-test-autoconfigure-3.0.2.jar;F:\apache-maven-3.6.1\bin\org\springframework\spring-tx\5.3.29\spring-tx-5.3.29.jar;F:\apache-maven-3.6.1\bin\com\vaadin\external\google\android-json\0.0.20131108.vaadin1\android-json-0.0.20131108.vaadin1.jar;F:\apache-maven-3.6.1\bin\net\minidev\json-smart\2.4.11\json-smart-2.4.11.jar;F:\apache-maven-3.6.1\bin\net\minidev\accessors-smart\2.4.11\accessors-smart-2.4.11.jar;F:\apache-maven-3.6.1\bin\org\ow2\asm\asm\9.3\asm-9.3.jar;F:\apache-maven-3.6.1\bin\org\skyscreamer\jsonassert\1.5.1\jsonassert-1.5.1.jar;F:\apache-maven-3.6.1\bin\io\jsonwebtoken\jjwt\0.9.1\jjwt-0.9.1.jar;F:\apache-maven-3.6.1\bin\com\fasterxml\jackson\core\jackson-databind\2.13.5\jackson-databind-2.13.5.jar;F:\apache-maven-3.6.1\bin\com\fasterxml\jackson\core\jackson-annotations\2.13.5\jackson-annotations-2.13.5.jar;F:\apache-maven-3.6.1\bin\com\fasterxml\jackson\core\jackson-core\2.13.5\jackson-core-2.13.5.jar;F:\apache-maven-3.6.1\bin\com\alibaba\fastjson\2.0.32\fastjson-2.0.32.jar;F:\apache-maven-3.6.1\bin\com\alibaba\fastjson2\fastjson2-extension\2.0.32\fastjson2-extension-2.0.32.jar;F:\apache-maven-3.6.1\bin\com\alibaba\fastjson2\fastjson2\2.0.32\fastjson2-2.0.32.jar;F:\apache-maven-3.6.1\bin\org\springframework\boot\spring-boot-starter-aop\2.7.15\spring-boot-starter-aop-2.7.15.jar;F:\apache-maven-3.6.1\bin\org\springframework\spring-aop\5.3.29\spring-aop-5.3.29.jar;F:\apache-maven-3.6.1\bin\org\aspectj\aspectjweaver\1.9.7\aspectjweaver-1.9.7.jar;F:\apache-maven-3.6.1\bin\com\dtflys\forest\forest-spring-boot-starter\1.5.14\forest-spring-boot-starter-1.5.14.jar;F:\apache-maven-3.6.1\bin\com\dtflys\forest\forest-core\1.5.14\forest-core-1.5.14.jar;F:\apache-maven-3.6.1\bin\com\googlecode\juniversalchardet\juniversalchardet\1.0.3\juniversalchardet-1.0.3.jar;F:\apache-maven-3.6.1\bin\org\apache\httpcomponents\httpclient-cache\4.5.14\httpclient-cache-4.5.14.jar;F:\apache-maven-3.6.1\bin\org\apache\httpcomponents\httpmime\4.5.14\httpmime-4.5.14.jar;F:\apache-maven-3.6.1\bin\com\squareup\okhttp3\okhttp\4.9.3\okhttp-4.9.3.jar;F:\apache-maven-3.6.1\bin\com\squareup\okio\okio\2.8.0\okio-2.8.0.jar;F:\apache-maven-3.6.1\bin\org\jetbrains\kotlin\kotlin-stdlib-common\1.6.21\kotlin-stdlib-common-1.6.21.jar;F:\apache-maven-3.6.1\bin\org\jetbrains\kotlin\kotlin-stdlib\1.6.21\kotlin-stdlib-1.6.21.jar;F:\apache-maven-3.6.1\bin\org\jetbrains\annotations\13.0\annotations-13.0.jar;F:\apache-maven-3.6.1\bin\com\google\code\findbugs\jsr305\3.0.1\jsr305-3.0.1.jar;F:\apache-maven-3.6.1\bin\commons-io\commons-io\2.7\commons-io-2.7.jar;F:\apache-maven-3.6.1\bin\commons-logging\commons-logging\1.2\commons-logging-1.2.jar;F:\apache-maven-3.6.1\bin\com\dtflys\forest\forest-spring\1.5.14\forest-spring-1.5.14.jar;F:\apache-maven-3.6.1\bin\org\springframework\boot\spring-boot-configuration-processor\2.7.15\spring-boot-configuration-processor-2.7.15.jar;F:\apache-maven-3.6.1\bin\com\google\protobuf\protobuf-java\3.14.0\protobuf-java-3.14.0.jar;F:\apache-maven-3.6.1\bin\org\springframework\spring-context\5.3.29\spring-context-5.3.29.jar;F:\apache-maven-3.6.1\bin\org\springframework\spring-beans\5.3.29\spring-beans-5.3.29.jar;F:\apache-maven-3.6.1\bin\org\springframework\spring-expression\5.3.29\spring-expression-5.3.29.jar;F:\apache-maven-3.6.1\bin\org\springframework\spring-context-support\5.3.29\spring-context-support-5.3.29.jar;F:\apache-maven-3.6.1\bin\com\google\zxing\javase\3.5.1\javase-3.5.1.jar;F:\apache-maven-3.6.1\bin\com\google\zxing\core\3.5.1\core-3.5.1.jar;F:\apache-maven-3.6.1\bin\com\beust\jcommander\1.82\jcommander-1.82.jar;F:\apache-maven-3.6.1\bin\com\github\jai-imageio\jai-imageio-core\1.4.0\jai-imageio-core-1.4.0.jar;F:\apache-maven-3.6.1\bin\javax\xml\bind\jaxb-api\2.3.1\jaxb-api-2.3.1.jar;F:\apache-maven-3.6.1\bin\javax\activation\javax.activation-api\1.2.0\javax.activation-api-1.2.0.jar;F:\apache-maven-3.6.1\bin\org\apache\httpcomponents\httpclient\4.5.14\httpclient-4.5.14.jar;F:\apache-maven-3.6.1\bin\org\apache\httpcomponents\httpcore\4.4.16\httpcore-4.4.16.jar;F:\apache-maven-3.6.1\bin\commons-codec\commons-codec\1.15\commons-codec-1.15.jar;"/>
    <property name="sun.cpu.endian" value="little"/>
    <property name="user.home" value="C:\Users\36087"/>
    <property name="user.language" value="zh"/>
    <property name="java.specification.vendor" value="Oracle Corporation"/>
    <property name="java.version.date" value="2023-10-17"/>
    <property name="java.home" value="C:\Users\36087\.jdks\corretto-11.0.21"/>
    <property name="file.separator" value="\"/>
    <property name="basedir" value="F:\vue\fakeApiTool\fakeApiTool-One-API\rearServer"/>
    <property name="java.vm.compressedOopsMode" value="Zero based"/>
    <property name="line.separator" value="&#10;"/>
    <property name="java.specification.name" value="Java Platform API Specification"/>
    <property name="java.vm.specification.vendor" value="Oracle Corporation"/>
    <property name="java.awt.graphicsenv" value="sun.awt.Win32GraphicsEnvironment"/>
    <property name="surefire.real.class.path" value="C:\Users\36087\AppData\Local\Temp\surefire18237651715635186494\surefirebooter5606123616021616799.jar"/>
    <property name="user.script" value=""/>
    <property name="sun.management.compiler" value="HotSpot 64-Bit Tiered Compilers"/>
    <property name="java.runtime.version" value="11.0.21+9-LTS"/>
    <property name="user.name" value="YANGYANG"/>
    <property name="path.separator" value=";"/>
    <property name="os.version" value="10.0"/>
    <property name="java.runtime.name" value="OpenJDK Runtime Environment"/>
    <property name="file.encoding" value="GBK"/>
    <property name="java.vm.name" value="OpenJDK 64-Bit Server VM"/>
    <property name="java.vendor.version" value="Corretto-11.0.21.9.1"/>
    <property name="localRepository" value="F:\apache-maven-3.6.1\bin"/>
    <property name="java.vendor.url.bug" value="https://github.com/corretto/corretto-11/issues/"/>
    <property name="java.io.tmpdir" value="C:\Users\36087\AppData\Local\Temp\"/>
    <property name="idea.version" value="2023.2.4"/>
    <property name="java.version" value="11.0.21"/>
    <property name="user.dir" value="F:\vue\fakeApiTool\fakeApiTool-One-API\rearServer"/>
    <property name="os.arch" value="amd64"/>
    <property name="java.vm.specification.name" value="Java Virtual Machine Specification"/>
    <property name="java.awt.printerjob" value="sun.awt.windows.WPrinterJob"/>
    <property name="sun.os.patch.level" value=""/>
    <property name="java.library.path" value="C:\Users\36087\.jdks\corretto-11.0.21\bin;C:\Windows\Sun\Java\bin;C:\Windows\system32;C:\Windows;C:\Program Files\Common Files\Oracle\Java\javapath;C:\Program Files\Java\jdk1.8.0_131\bin;C:\Windows\system32;C:\Windows;C:\Windows\System32\Wbem;C:\Windows\System32\WindowsPowerShell\v1.0\;C:\Windows\System32\OpenSSH\;C:\Program Files (x86)\NVIDIA Corporation\PhysX\Common;C:\Program Files\NVIDIA Corporation\NVIDIA NvDLISR;C:\Program Files (x86)\Microsoft SQL Server\100\Tools\Binn\;C:\Program Files\Microsoft SQL Server\100\Tools\Binn\;C:\Program Files\Microsoft SQL Server\100\DTS\Binn\;C:\Program Files\Microsoft SQL Server\Client SDK\ODBC\170\Tools\Binn\;C:\Program Files (x86)\Microsoft SQL Server\150\Tools\Binn\;C:\Program Files\Microsoft SQL Server\150\Tools\Binn\;C:\Program Files\Microsoft SQL Server\150\DTS\Binn\;C:\Program Files\dotnet\;F:\;F:\新建文件夹 (4)\Xmanager 7\;F:\新;文件夹 (4)\Xftp 7\;F:;新建文件夹 (4)\Xlpd 7\;F:\node\;F:\微信web开发者工具\dll;C:\Pro;ram Files\Java\jdk1.8.0_131\bin;F:\apache-tomcat-10.1.11;C:\Program Files\Java\jdk1.8.0_131\jre;F:\mysql\mysql-8.0.31-winx64\bin;eastus;0f19642508ec4893b165b62005bb8f8b;F:\Git\cmd;F:\apache-maven-3.6.1\bin;C:\Program Files\Java\jdk1.8.0_131\bin;C:\Users\36087\AppData\Local\Programs\Python\Python38\Scripts\;C:\Users\36087\AppData\Local\Programs\Python\Python38\;C:\Users\36087\AppData\Local\Microsoft\WindowsApps;D:\LenovoSoftstore\新建文件夹\PyCharm 2022.1.1\bin;;C:\Program Files\Java\jdk1.8.0_131\bin;C:\Users\36087\.dotnet\tools;C:\Users\36087\AppData\Local\GitHubDesktop\bin;D:\新建文件夹\Microsoft VS Code\bin;C:\Users\36087\AppData\Roaming\npm;C:\Program Files\Java\jdk1.8.0_131\bin;F:\apache-tomcat-10.1.11;C:\Program Files\Java\jdk-11.0.15.1;%CATALINA_HOME%\bin;0f19642508ec4893b165b62005bb8f8b;eastus;D:\inNexwork\;F:\clion\CLion 2021.1.3\bin;;."/>
    <property name="java.vm.info" value="mixed mode"/>
    <property name="java.vendor" value="Amazon.com Inc."/>
    <property name="java.vm.version" value="11.0.21+9-LTS"/>
    <property name="java.specification.maintenance.version" value="2"/>
    <property name="sun.io.unicode.encoding" value="UnicodeLittle"/>
    <property name="maven.repo.local" value="F:\apache-maven-3.6.1\bin"/>
    <property name="java.class.version" value="55.0"/>
  </properties>
  <testcase name="contextLoads" classname="com.yyandywt99.fakeapitool.FakeApiToolApplicationTests" time="0.444"/>
</testsuite>